2023-07-17 16:46:36,915 - root - DEBUG - Это отладочное сообщение
2023-07-17 16:46:36,915 - root - INFO - Информационное сообщение
2023-07-17 16:46:36,915 - root - WARNING - Предупреждение
2023-07-17 16:46:36,915 - root - ERROR - Ошибка
2023-07-17 16:46:36,915 - root - CRITICAL - Критическая ошибка
2023-07-17 16:46:37,189 - peewee - DEBUG - ('SELECT table_name FROM information_schema.tables WHERE table_schema = DATABASE() AND table_type != %s ORDER BY table_name', ('VIEW',))
2023-07-17 16:46:37,229 - peewee - DEBUG - ('SELECT table_name FROM information_schema.tables WHERE table_schema = DATABASE() AND table_type != %s ORDER BY table_name', ('VIEW',))
2023-07-17 16:46:37,269 - peewee - DEBUG - ('SELECT table_name FROM information_schema.tables WHERE table_schema = DATABASE() AND table_type != %s ORDER BY table_name', ('VIEW',))
2023-07-17 16:46:37,310 - peewee - DEBUG - ('SELECT table_name FROM information_schema.tables WHERE table_schema = DATABASE() AND table_type != %s ORDER BY table_name', ('VIEW',))
2023-07-17 16:46:37,349 - peewee - DEBUG - ('SELECT table_name FROM information_schema.tables WHERE table_schema = DATABASE() AND table_type != %s ORDER BY table_name', ('VIEW',))
2023-07-17 16:46:37,429 - asyncio - DEBUG - Using proactor: IocpProactor
2023-07-17 16:46:37,430 - aiogram - DEBUG - Make request: "getMe" with data: "{}" and files "None"
2023-07-17 16:46:37,600 - aiogram - DEBUG - Response for getMe: [200] "'{"ok":true,"result":{"id":6134560171,"is_bot":true,"first_name":"\\u0410\\u0440\\u0445\\u0438\\u043f\\u0435\\u043b\\u0430\\u0433 2023 | \\u0422\\u0435\\u0441\\u0442\\u043e\\u0432\\u044b\\u0439 \\u0431\\u043e\\u0442","username":"arhpg_bot","can_join_groups":true,"can_read_all_group_messages":false,"supports_inline_queries":false}}'"
2023-07-17 16:46:37,600 - aiogram - INFO - Bot: Архипелаг 2023 | Тестовый бот [@arhpg_bot]
2023-07-17 16:46:37,600 - aiogram.dispatcher.dispatcher - INFO - Start polling.
2023-07-17 16:46:37,600 - aiogram - DEBUG - Make request: "getWebhookInfo" with data: "{}" and files "None"
2023-07-17 16:46:37,652 - aiogram - DEBUG - Response for getWebhookInfo: [200] "'{"ok":true,"result":{"url":"","has_custom_certificate":false,"pending_update_count":0}}'"
2023-07-17 16:46:37,653 - aiogram - DEBUG - Make request: "getUpdates" with data: "{'timeout': 20}" and files "None"
2023-07-17 16:46:41,938 - aiogram - DEBUG - Response for getUpdates: [200] "'{"ok":true,"result":[{"update_id":207033432,\n"message":{"message_id":2641,"from":{"id":314952887,"is_bot":false,"first_name":"\\u0410\\u0440\\u0442\\u0435\\u043c","username":"artemkovsh","language_code":"ru"},"chat":{"id":314952887,"first_name":"\\u0410\\u0440\\u0442\\u0435\\u043c","username":"artemkovsh","type":"private"},"date":1689601685,"text":"/menu","entities":[{"offset":0,"length":5,"type":"bot_command"}]}}]}'"
2023-07-17 16:46:41,938 - aiogram.dispatcher.dispatcher - DEBUG - Received 1 updates.
2023-07-17 16:46:42,196 - peewee - DEBUG - ('SELECT `t1`.`id`, `t1`.`arhpg_id`, `t1`.`arhpg_token`, `t1`.`tg_user_id`, `t1`.`firstname`, `t1`.`lastname` FROM `users` AS `t1` WHERE (`t1`.`tg_user_id` = %s) LIMIT %s OFFSET %s', [314952887, 1, 0])
2023-07-17 16:46:42,248 - aiogram - DEBUG - Make request: "getUpdates" with data: "{'offset': 207033433, 'timeout': 20}" and files "None"
2023-07-17 16:46:43,388 - peewee - DEBUG - ('SELECT `t1`.`id`, `t1`.`arhpg_id`, `t1`.`arhpg_token`, `t1`.`tg_user_id`, `t1`.`firstname`, `t1`.`lastname` FROM `users` AS `t1` WHERE (`t1`.`tg_user_id` = %s) LIMIT %s OFFSET %s', [314952887, 1, 0])
2023-07-17 16:46:43,425 - peewee - DEBUG - ('SELECT `t1`.`id`, `t1`.`category_id`, `t1`.`key`, `t1`.`value` FROM `texts` AS `t1` WHERE (`t1`.`key` = %s) LIMIT %s OFFSET %s', ['menu', 1, 0])
2023-07-17 16:46:43,463 - peewee - DEBUG - ('SELECT `t1`.`id`, `t1`.`category_id`, `t1`.`key`, `t1`.`value` FROM `texts` AS `t1` WHERE (`t1`.`key` = %s) LIMIT %s OFFSET %s', ['menu_program', 1, 0])
2023-07-17 16:46:43,501 - peewee - DEBUG - ('SELECT `t1`.`id`, `t1`.`category_id`, `t1`.`key`, `t1`.`value` FROM `texts` AS `t1` WHERE (`t1`.`key` = %s) LIMIT %s OFFSET %s', ['menu_faqs', 1, 0])
2023-07-17 16:46:43,538 - peewee - DEBUG - ('SELECT `t1`.`id`, `t1`.`category_id`, `t1`.`key`, `t1`.`value` FROM `texts` AS `t1` WHERE (`t1`.`key` = %s) LIMIT %s OFFSET %s', ['menu_support', 1, 0])
2023-07-17 16:46:43,576 - aiogram - DEBUG - Make request: "sendMessage" with data: "{'chat_id': 314952887, 'text': 'Добро пожаловать! Выберите интересующий раздел.', 'reply_to_message_id': 2641, 'reply_markup': '{"keyboard": [[{"text": "Программа мероприятия"}], [{"text": "Частые вопросы (FAQ)"}], [{"text": "Связь с службой поддержки"}]], "resize_keyboard": true}'}" and files "None"
2023-07-17 16:46:43,783 - aiogram - DEBUG - Response for sendMessage: [200] "'{"ok":true,"result":{"message_id":2642,"from":{"id":6134560171,"is_bot":true,"first_name":"\\u0410\\u0440\\u0445\\u0438\\u043f\\u0435\\u043b\\u0430\\u0433 2023 | \\u0422\\u0435\\u0441\\u0442\\u043e\\u0432\\u044b\\u0439 \\u0431\\u043e\\u0442","username":"arhpg_bot"},"chat":{"id":314952887,"first_name":"\\u0410\\u0440\\u0442\\u0435\\u043c","username":"artemkovsh","type":"private"},"date":1689601687,"reply_to_message":{"message_id":2641,"from":{"id":314952887,"is_bot":false,"first_name":"\\u0410\\u0440\\u0442\\u0435\\u043c","username":"artemkovsh","language_code":"ru"},"chat":{"id":314952887,"first_name":"\\u0410\\u0440\\u0442\\u0435\\u043c","username":"artemkovsh","type":"private"},"date":1689601685,"text":"/menu","entities":[{"offset":0,"length":5,"type":"bot_command"}]},"text":"\\u0414\\u043e\\u0431\\u0440\\u043e \\u043f\\u043e\\u0436\\u0430\\u043b\\u043e\\u0432\\u0430\\u0442\\u044c! \\u0412\\u044b\\u0431\\u0435\\u0440\\u0438\\u0442\\u0435 \\u0438\\u043d\\u0442\\u0435\\u0440\\u0435\\u0441\\u0443\\u044e\\u0449\\u0438\\u0439 \\u0440\\u0430\\u0437\\u0434\\u0435\\u043b."}}'"
2023-07-17 16:46:45,689 - aiogram - DEBUG - Response for getUpdates: [200] "'{"ok":true,"result":[{"update_id":207033433,\n"message":{"message_id":2643,"from":{"id":314952887,"is_bot":false,"first_name":"\\u0410\\u0440\\u0442\\u0435\\u043c","username":"artemkovsh","language_code":"ru"},"chat":{"id":314952887,"first_name":"\\u0410\\u0440\\u0442\\u0435\\u043c","username":"artemkovsh","type":"private"},"date":1689601689,"text":"\\u041f\\u0440\\u043e\\u0433\\u0440\\u0430\\u043c\\u043c\\u0430 \\u043c\\u0435\\u0440\\u043e\\u043f\\u0440\\u0438\\u044f\\u0442\\u0438\\u044f"}}]}'"
2023-07-17 16:46:45,689 - aiogram.dispatcher.dispatcher - DEBUG - Received 1 updates.
2023-07-17 16:46:45,946 - aiogram - DEBUG - Make request: "getUpdates" with data: "{'offset': 207033434, 'timeout': 20}" and files "None"
2023-07-17 16:46:48,068 - peewee - DEBUG - ('SELECT `t1`.`id`, `t1`.`arhpg_id`, `t1`.`arhpg_token`, `t1`.`tg_user_id`, `t1`.`firstname`, `t1`.`lastname` FROM `users` AS `t1` WHERE (`t1`.`tg_user_id` = %s) LIMIT %s OFFSET %s', [314952887, 1, 0])
2023-07-17 16:46:49,228 - peewee - DEBUG - ('SELECT `t1`.`id`, `t1`.`arhpg_id`, `t1`.`arhpg_token`, `t1`.`tg_user_id`, `t1`.`firstname`, `t1`.`lastname` FROM `users` AS `t1` WHERE (`t1`.`tg_user_id` = %s) LIMIT %s OFFSET %s', [314952887, 1, 0])
2023-07-17 16:46:49,265 - peewee - DEBUG - ('SELECT `t1`.`id`, `t1`.`category_id`, `t1`.`key`, `t1`.`value` FROM `texts` AS `t1` WHERE (`t1`.`key` = %s) LIMIT %s OFFSET %s', ['menu_program', 1, 0])
2023-07-17 16:46:49,302 - peewee - DEBUG - ('SELECT `t1`.`id`, `t1`.`category_id`, `t1`.`key`, `t1`.`value` FROM `texts` AS `t1` WHERE (`t1`.`key` = %s) LIMIT %s OFFSET %s', ['program', 1, 0])
2023-07-17 16:46:49,340 - peewee - DEBUG - ('SELECT `t1`.`id`, `t1`.`category_id`, `t1`.`key`, `t1`.`value` FROM `texts` AS `t1` WHERE (`t1`.`key` = %s) LIMIT %s OFFSET %s', ['back', 1, 0])
2023-07-17 16:46:49,377 - aiogram - DEBUG - Make request: "sendMessage" with data: "{'chat_id': 314952887, 'text': 'Вы перешли в раздел "Программа мероприятия"', 'reply_to_message_id': 2643, 'reply_markup': '{"keyboard": [[{"text": "<- Вернуться назад"}]], "resize_keyboard": true}'}" and files "None"
2023-07-17 16:46:49,490 - aiogram - DEBUG - Response for sendMessage: [200] "'{"ok":true,"result":{"message_id":2644,"from":{"id":6134560171,"is_bot":true,"first_name":"\\u0410\\u0440\\u0445\\u0438\\u043f\\u0435\\u043b\\u0430\\u0433 2023 | \\u0422\\u0435\\u0441\\u0442\\u043e\\u0432\\u044b\\u0439 \\u0431\\u043e\\u0442","username":"arhpg_bot"},"chat":{"id":314952887,"first_name":"\\u0410\\u0440\\u0442\\u0435\\u043c","username":"artemkovsh","type":"private"},"date":1689601693,"reply_to_message":{"message_id":2643,"from":{"id":314952887,"is_bot":false,"first_name":"\\u0410\\u0440\\u0442\\u0435\\u043c","username":"artemkovsh","language_code":"ru"},"chat":{"id":314952887,"first_name":"\\u0410\\u0440\\u0442\\u0435\\u043c","username":"artemkovsh","type":"private"},"date":1689601689,"text":"\\u041f\\u0440\\u043e\\u0433\\u0440\\u0430\\u043c\\u043c\\u0430 \\u043c\\u0435\\u0440\\u043e\\u043f\\u0440\\u0438\\u044f\\u0442\\u0438\\u044f"},"text":"\\u0412\\u044b \\u043f\\u0435\\u0440\\u0435\\u0448\\u043b\\u0438 \\u0432 \\u0440\\u0430\\u0437\\u0434\\u0435\\u043b \\"\\u041f\\u0440\\u043e\\u0433\\u0440\\u0430\\u043c\\u043c\\u0430 \\u043c\\u0435\\u0440\\u043e\\u043f\\u0440\\u0438\\u044f\\u0442\\u0438\\u044f\\""}}'"
2023-07-17 16:46:49,491 - peewee - DEBUG - ('SELECT `t1`.`id`, `t1`.`category_id`, `t1`.`key`, `t1`.`value` FROM `texts` AS `t1` WHERE (`t1`.`key` = %s) LIMIT %s OFFSET %s', ['my_programs', 1, 0])
2023-07-17 16:46:49,529 - peewee - DEBUG - ('SELECT `t1`.`id`, `t1`.`category_id`, `t1`.`key`, `t1`.`value` FROM `texts` AS `t1` WHERE (`t1`.`key` = %s) LIMIT %s OFFSET %s', ['general_programs', 1, 0])
2023-07-17 16:46:49,565 - peewee - DEBUG - ('SELECT `t1`.`id`, `t1`.`category_id`, `t1`.`key`, `t1`.`value` FROM `texts` AS `t1` WHERE (`t1`.`key` = %s) LIMIT %s OFFSET %s', ['menu_info', 1, 0])
2023-07-17 16:46:49,602 - aiogram - DEBUG - Make request: "sendMessage" with data: "{'chat_id': 314952887, 'text': 'Выберите что вас интересует ', 'reply_markup': '{"inline_keyboard": [[{"text": "Моё расписание", "callback_data": "my_programs"}], [{"text": "Общее расписание мероприятия", "callback_data": "general_programs"}]]}'}" and files "None"
2023-07-17 16:46:49,696 - aiogram - DEBUG - Response for sendMessage: [200] "'{"ok":true,"result":{"message_id":2645,"from":{"id":6134560171,"is_bot":true,"first_name":"\\u0410\\u0440\\u0445\\u0438\\u043f\\u0435\\u043b\\u0430\\u0433 2023 | \\u0422\\u0435\\u0441\\u0442\\u043e\\u0432\\u044b\\u0439 \\u0431\\u043e\\u0442","username":"arhpg_bot"},"chat":{"id":314952887,"first_name":"\\u0410\\u0440\\u0442\\u0435\\u043c","username":"artemkovsh","type":"private"},"date":1689601693,"text":"\\u0412\\u044b\\u0431\\u0435\\u0440\\u0438\\u0442\\u0435 \\u0447\\u0442\\u043e \\u0432\\u0430\\u0441 \\u0438\\u043d\\u0442\\u0435\\u0440\\u0435\\u0441\\u0443\\u0435\\u0442","reply_markup":{"inline_keyboard":[[{"text":"\\u041c\\u043e\\u0451 \\u0440\\u0430\\u0441\\u043f\\u0438\\u0441\\u0430\\u043d\\u0438\\u0435","callback_data":"my_programs"}],[{"text":"\\u041e\\u0431\\u0449\\u0435\\u0435 \\u0440\\u0430\\u0441\\u043f\\u0438\\u0441\\u0430\\u043d\\u0438\\u0435 \\u043c\\u0435\\u0440\\u043e\\u043f\\u0440\\u0438\\u044f\\u0442\\u0438\\u044f","callback_data":"general_programs"}]]}}}'"
2023-07-17 16:46:51,418 - aiogram - DEBUG - Response for getUpdates: [200] "'{"ok":true,"result":[{"update_id":207033434,\n"callback_query":{"id":"1352712349868486760","from":{"id":314952887,"is_bot":false,"first_name":"\\u0410\\u0440\\u0442\\u0435\\u043c","username":"artemkovsh","language_code":"ru"},"message":{"message_id":2645,"from":{"id":6134560171,"is_bot":true,"first_name":"\\u0410\\u0440\\u0445\\u0438\\u043f\\u0435\\u043b\\u0430\\u0433 2023 | \\u0422\\u0435\\u0441\\u0442\\u043e\\u0432\\u044b\\u0439 \\u0431\\u043e\\u0442","username":"arhpg_bot"},"chat":{"id":314952887,"first_name":"\\u0410\\u0440\\u0442\\u0435\\u043c","username":"artemkovsh","type":"private"},"date":1689601693,"text":"\\u0412\\u044b\\u0431\\u0435\\u0440\\u0438\\u0442\\u0435 \\u0447\\u0442\\u043e \\u0432\\u0430\\u0441 \\u0438\\u043d\\u0442\\u0435\\u0440\\u0435\\u0441\\u0443\\u0435\\u0442","reply_markup":{"inline_keyboard":[[{"text":"\\u041c\\u043e\\u0451 \\u0440\\u0430\\u0441\\u043f\\u0438\\u0441\\u0430\\u043d\\u0438\\u0435","callback_data":"my_programs"}],[{"text":"\\u041e\\u0431\\u0449\\u0435\\u0435 \\u0440\\u0430\\u0441\\u043f\\u0438\\u0441\\u0430\\u043d\\u0438\\u0435 \\u043c\\u0435\\u0440\\u043e\\u043f\\u0440\\u0438\\u044f\\u0442\\u0438\\u044f","callback_data":"general_programs"}]]}},"chat_instance":"-5504128594649030684","data":"my_programs"}}]}'"
2023-07-17 16:46:51,418 - aiogram.dispatcher.dispatcher - DEBUG - Received 1 updates.
2023-07-17 16:46:51,688 - peewee - DEBUG - ('SELECT `t1`.`id`, `t1`.`arhpg_id`, `t1`.`arhpg_token`, `t1`.`tg_user_id`, `t1`.`firstname`, `t1`.`lastname` FROM `users` AS `t1` WHERE (`t1`.`tg_user_id` = %s) LIMIT %s OFFSET %s', [314952887, 1, 0])
2023-07-17 16:46:51,728 - aiogram - DEBUG - Make request: "getUpdates" with data: "{'offset': 207033435, 'timeout': 20}" and files "None"
2023-07-17 16:46:52,844 - peewee - DEBUG - ('SELECT `t1`.`id`, `t1`.`arhpg_id`, `t1`.`arhpg_token`, `t1`.`tg_user_id`, `t1`.`firstname`, `t1`.`lastname` FROM `users` AS `t1` WHERE (`t1`.`tg_user_id` = %s) LIMIT %s OFFSET %s', [314952887, 1, 0])
2023-07-17 16:47:11,791 - aiogram - DEBUG - Response for getUpdates: [200] "'{"ok":true,"result":[]}'"
2023-07-17 16:47:11,901 - aiogram - DEBUG - Make request: "getUpdates" with data: "{'offset': 207033435, 'timeout': 20}" and files "None"
2023-07-17 16:47:31,960 - aiogram - DEBUG - Response for getUpdates: [200] "'{"ok":true,"result":[]}'"
2023-07-17 16:47:32,067 - aiogram - DEBUG - Make request: "getUpdates" with data: "{'offset': 207033435, 'timeout': 20}" and files "None"
2023-07-17 16:47:52,121 - aiogram - DEBUG - Response for getUpdates: [200] "'{"ok":true,"result":[]}'"
2023-07-17 16:47:52,233 - aiogram - DEBUG - Make request: "getUpdates" with data: "{'offset': 207033435, 'timeout': 20}" and files "None"
2023-07-17 16:48:12,290 - aiogram - DEBUG - Response for getUpdates: [200] "'{"ok":true,"result":[]}'"
2023-07-17 16:48:12,406 - aiogram - DEBUG - Make request: "getUpdates" with data: "{'offset': 207033435, 'timeout': 20}" and files "None"
2023-07-17 16:48:15,941 - aiogram.dispatcher.dispatcher - INFO - Stop polling...
2023-07-17 16:48:15,942 - aiogram - WARNING - Goodbye!
2023-07-17 16:48:20,152 - root - DEBUG - Это отладочное сообщение
2023-07-17 16:48:20,152 - root - INFO - Информационное сообщение
2023-07-17 16:48:20,152 - root - WARNING - Предупреждение
2023-07-17 16:48:20,152 - root - ERROR - Ошибка
2023-07-17 16:48:20,152 - root - CRITICAL - Критическая ошибка
2023-07-17 16:48:20,415 - peewee - DEBUG - ('SELECT table_name FROM information_schema.tables WHERE table_schema = DATABASE() AND table_type != %s ORDER BY table_name', ('VIEW',))
2023-07-17 16:48:20,454 - peewee - DEBUG - ('SELECT table_name FROM information_schema.tables WHERE table_schema = DATABASE() AND table_type != %s ORDER BY table_name', ('VIEW',))
2023-07-17 16:48:20,491 - peewee - DEBUG - ('SELECT table_name FROM information_schema.tables WHERE table_schema = DATABASE() AND table_type != %s ORDER BY table_name', ('VIEW',))
2023-07-17 16:48:20,529 - peewee - DEBUG - ('SELECT table_name FROM information_schema.tables WHERE table_schema = DATABASE() AND table_type != %s ORDER BY table_name', ('VIEW',))
2023-07-17 16:48:20,567 - peewee - DEBUG - ('SELECT table_name FROM information_schema.tables WHERE table_schema = DATABASE() AND table_type != %s ORDER BY table_name', ('VIEW',))
2023-07-17 16:48:20,643 - asyncio - DEBUG - Using proactor: IocpProactor
2023-07-17 16:48:20,644 - aiogram - DEBUG - Make request: "getMe" with data: "{}" and files "None"
2023-07-17 16:48:20,802 - aiogram - DEBUG - Response for getMe: [200] "'{"ok":true,"result":{"id":6134560171,"is_bot":true,"first_name":"\\u0410\\u0440\\u0445\\u0438\\u043f\\u0435\\u043b\\u0430\\u0433 2023 | \\u0422\\u0435\\u0441\\u0442\\u043e\\u0432\\u044b\\u0439 \\u0431\\u043e\\u0442","username":"arhpg_bot","can_join_groups":true,"can_read_all_group_messages":false,"supports_inline_queries":false}}'"
2023-07-17 16:48:20,803 - aiogram - INFO - Bot: Архипелаг 2023 | Тестовый бот [@arhpg_bot]
2023-07-17 16:48:20,803 - aiogram - DEBUG - Make request: "getWebhookInfo" with data: "{}" and files "None"
2023-07-17 16:48:20,854 - aiogram - DEBUG - Response for getWebhookInfo: [200] "'{"ok":true,"result":{"url":"","has_custom_certificate":false,"pending_update_count":0}}'"
2023-07-17 16:48:20,855 - aiogram - DEBUG - Make request: "deleteWebhook" with data: "{'drop_pending_updates': True}" and files "None"
2023-07-17 16:48:20,905 - aiogram - DEBUG - Response for deleteWebhook: [200] "'{"ok":true,"result":true,"description":"Webhook is already deleted"}'"
2023-07-17 16:48:20,905 - aiogram - WARNING - Updates were skipped successfully.
2023-07-17 16:48:20,906 - aiogram.dispatcher.dispatcher - INFO - Start polling.
2023-07-17 16:48:20,906 - aiogram - DEBUG - Make request: "getWebhookInfo" with data: "{}" and files "None"
2023-07-17 16:48:20,957 - aiogram - DEBUG - Response for getWebhookInfo: [200] "'{"ok":true,"result":{"url":"","has_custom_certificate":false,"pending_update_count":0}}'"
2023-07-17 16:48:20,957 - aiogram - DEBUG - Make request: "getUpdates" with data: "{'timeout': 20}" and files "None"
2023-07-17 16:48:21,571 - aiogram - DEBUG - Response for getUpdates: [200] "'{"ok":true,"result":[{"update_id":207033435,\n"message":{"message_id":2646,"from":{"id":314952887,"is_bot":false,"first_name":"\\u0410\\u0440\\u0442\\u0435\\u043c","username":"artemkovsh","language_code":"ru"},"chat":{"id":314952887,"first_name":"\\u0410\\u0440\\u0442\\u0435\\u043c","username":"artemkovsh","type":"private"},"date":1689601785,"text":"/menu","entities":[{"offset":0,"length":5,"type":"bot_command"}]}}]}'"
2023-07-17 16:48:21,571 - aiogram.dispatcher.dispatcher - DEBUG - Received 1 updates.
2023-07-17 16:48:21,571 - aiogram.contrib.middlewares.logging - DEBUG - Received update [ID:207033435]
2023-07-17 16:48:21,571 - aiogram.contrib.middlewares.logging - INFO - Received message [ID:2646] in chat [private:314952887]
2023-07-17 16:48:21,838 - peewee - DEBUG - ('SELECT `t1`.`id`, `t1`.`arhpg_id`, `t1`.`arhpg_token`, `t1`.`tg_user_id`, `t1`.`firstname`, `t1`.`lastname` FROM `users` AS `t1` WHERE (`t1`.`tg_user_id` = %s) LIMIT %s OFFSET %s', [314952887, 1, 0])
2023-07-17 16:48:21,893 - aiogram - DEBUG - Make request: "getUpdates" with data: "{'offset': 207033436, 'timeout': 20}" and files "None"
2023-07-17 16:48:23,021 - peewee - DEBUG - ('SELECT `t1`.`id`, `t1`.`arhpg_id`, `t1`.`arhpg_token`, `t1`.`tg_user_id`, `t1`.`firstname`, `t1`.`lastname` FROM `users` AS `t1` WHERE (`t1`.`tg_user_id` = %s) LIMIT %s OFFSET %s', [314952887, 1, 0])
2023-07-17 16:48:23,060 - peewee - DEBUG - ('SELECT `t1`.`id`, `t1`.`category_id`, `t1`.`key`, `t1`.`value` FROM `texts` AS `t1` WHERE (`t1`.`key` = %s) LIMIT %s OFFSET %s', ['menu', 1, 0])
2023-07-17 16:48:23,100 - peewee - DEBUG - ('SELECT `t1`.`id`, `t1`.`category_id`, `t1`.`key`, `t1`.`value` FROM `texts` AS `t1` WHERE (`t1`.`key` = %s) LIMIT %s OFFSET %s', ['menu_program', 1, 0])
2023-07-17 16:48:23,138 - peewee - DEBUG - ('SELECT `t1`.`id`, `t1`.`category_id`, `t1`.`key`, `t1`.`value` FROM `texts` AS `t1` WHERE (`t1`.`key` = %s) LIMIT %s OFFSET %s', ['menu_faqs', 1, 0])
2023-07-17 16:48:23,177 - peewee - DEBUG - ('SELECT `t1`.`id`, `t1`.`category_id`, `t1`.`key`, `t1`.`value` FROM `texts` AS `t1` WHERE (`t1`.`key` = %s) LIMIT %s OFFSET %s', ['menu_support', 1, 0])
2023-07-17 16:48:23,215 - aiogram - DEBUG - Make request: "sendMessage" with data: "{'chat_id': 314952887, 'text': 'Добро пожаловать! Выберите интересующий раздел.', 'reply_to_message_id': 2646, 'reply_markup': '{"keyboard": [[{"text": "Программа мероприятия"}], [{"text": "Частые вопросы (FAQ)"}], [{"text": "Связь с службой поддержки"}]], "resize_keyboard": true}'}" and files "None"
2023-07-17 16:48:23,506 - aiogram - DEBUG - Response for sendMessage: [200] "'{"ok":true,"result":{"message_id":2647,"from":{"id":6134560171,"is_bot":true,"first_name":"\\u0410\\u0440\\u0445\\u0438\\u043f\\u0435\\u043b\\u0430\\u0433 2023 | \\u0422\\u0435\\u0441\\u0442\\u043e\\u0432\\u044b\\u0439 \\u0431\\u043e\\u0442","username":"arhpg_bot"},"chat":{"id":314952887,"first_name":"\\u0410\\u0440\\u0442\\u0435\\u043c","username":"artemkovsh","type":"private"},"date":1689601787,"reply_to_message":{"message_id":2646,"from":{"id":314952887,"is_bot":false,"first_name":"\\u0410\\u0440\\u0442\\u0435\\u043c","username":"artemkovsh","language_code":"ru"},"chat":{"id":314952887,"first_name":"\\u0410\\u0440\\u0442\\u0435\\u043c","username":"artemkovsh","type":"private"},"date":1689601785,"text":"/menu","entities":[{"offset":0,"length":5,"type":"bot_command"}]},"text":"\\u0414\\u043e\\u0431\\u0440\\u043e \\u043f\\u043e\\u0436\\u0430\\u043b\\u043e\\u0432\\u0430\\u0442\\u044c! \\u0412\\u044b\\u0431\\u0435\\u0440\\u0438\\u0442\\u0435 \\u0438\\u043d\\u0442\\u0435\\u0440\\u0435\\u0441\\u0443\\u044e\\u0449\\u0438\\u0439 \\u0440\\u0430\\u0437\\u0434\\u0435\\u043b."}}'"
2023-07-17 16:48:23,544 - aiogram.contrib.middlewares.logging - DEBUG - Unhandled message [ID:2646] in chat [private:314952887]
2023-07-17 16:48:23,544 - aiogram.contrib.middlewares.logging - INFO - Process update [ID:207033435]: [success] (in 1974 ms)
2023-07-17 16:48:24,621 - aiogram - DEBUG - Response for getUpdates: [200] "'{"ok":true,"result":[{"update_id":207033436,\n"message":{"message_id":2648,"from":{"id":314952887,"is_bot":false,"first_name":"\\u0410\\u0440\\u0442\\u0435\\u043c","username":"artemkovsh","language_code":"ru"},"chat":{"id":314952887,"first_name":"\\u0410\\u0440\\u0442\\u0435\\u043c","username":"artemkovsh","type":"private"},"date":1689601788,"text":"\\u041f\\u0440\\u043e\\u0433\\u0440\\u0430\\u043c\\u043c\\u0430 \\u043c\\u0435\\u0440\\u043e\\u043f\\u0440\\u0438\\u044f\\u0442\\u0438\\u044f"}}]}'"
2023-07-17 16:48:24,622 - aiogram.dispatcher.dispatcher - DEBUG - Received 1 updates.
2023-07-17 16:48:24,622 - aiogram.contrib.middlewares.logging - DEBUG - Received update [ID:207033436]
2023-07-17 16:48:24,622 - aiogram.contrib.middlewares.logging - INFO - Received message [ID:2648] in chat [private:314952887]
2023-07-17 16:48:24,896 - aiogram - DEBUG - Make request: "getUpdates" with data: "{'offset': 207033437, 'timeout': 20}" and files "None"
2023-07-17 16:48:25,001 - peewee - DEBUG - ('SELECT `t1`.`id`, `t1`.`arhpg_id`, `t1`.`arhpg_token`, `t1`.`tg_user_id`, `t1`.`firstname`, `t1`.`lastname` FROM `users` AS `t1` WHERE (`t1`.`tg_user_id` = %s) LIMIT %s OFFSET %s', [314952887, 1, 0])
2023-07-17 16:48:26,165 - peewee - DEBUG - ('SELECT `t1`.`id`, `t1`.`arhpg_id`, `t1`.`arhpg_token`, `t1`.`tg_user_id`, `t1`.`firstname`, `t1`.`lastname` FROM `users` AS `t1` WHERE (`t1`.`tg_user_id` = %s) LIMIT %s OFFSET %s', [314952887, 1, 0])
2023-07-17 16:48:26,205 - peewee - DEBUG - ('SELECT `t1`.`id`, `t1`.`category_id`, `t1`.`key`, `t1`.`value` FROM `texts` AS `t1` WHERE (`t1`.`key` = %s) LIMIT %s OFFSET %s', ['menu_program', 1, 0])
2023-07-17 16:48:26,244 - peewee - DEBUG - ('SELECT `t1`.`id`, `t1`.`category_id`, `t1`.`key`, `t1`.`value` FROM `texts` AS `t1` WHERE (`t1`.`key` = %s) LIMIT %s OFFSET %s', ['program', 1, 0])
2023-07-17 16:48:26,284 - peewee - DEBUG - ('SELECT `t1`.`id`, `t1`.`category_id`, `t1`.`key`, `t1`.`value` FROM `texts` AS `t1` WHERE (`t1`.`key` = %s) LIMIT %s OFFSET %s', ['back', 1, 0])
2023-07-17 16:48:26,324 - aiogram - DEBUG - Make request: "sendMessage" with data: "{'chat_id': 314952887, 'text': 'Вы перешли в раздел "Программа мероприятия"', 'reply_to_message_id': 2648, 'reply_markup': '{"keyboard": [[{"text": "<- Вернуться назад"}]], "resize_keyboard": true}'}" and files "None"
2023-07-17 16:48:26,421 - aiogram - DEBUG - Response for sendMessage: [200] "'{"ok":true,"result":{"message_id":2649,"from":{"id":6134560171,"is_bot":true,"first_name":"\\u0410\\u0440\\u0445\\u0438\\u043f\\u0435\\u043b\\u0430\\u0433 2023 | \\u0422\\u0435\\u0441\\u0442\\u043e\\u0432\\u044b\\u0439 \\u0431\\u043e\\u0442","username":"arhpg_bot"},"chat":{"id":314952887,"first_name":"\\u0410\\u0440\\u0442\\u0435\\u043c","username":"artemkovsh","type":"private"},"date":1689601790,"reply_to_message":{"message_id":2648,"from":{"id":314952887,"is_bot":false,"first_name":"\\u0410\\u0440\\u0442\\u0435\\u043c","username":"artemkovsh","language_code":"ru"},"chat":{"id":314952887,"first_name":"\\u0410\\u0440\\u0442\\u0435\\u043c","username":"artemkovsh","type":"private"},"date":1689601788,"text":"\\u041f\\u0440\\u043e\\u0433\\u0440\\u0430\\u043c\\u043c\\u0430 \\u043c\\u0435\\u0440\\u043e\\u043f\\u0440\\u0438\\u044f\\u0442\\u0438\\u044f"},"text":"\\u0412\\u044b \\u043f\\u0435\\u0440\\u0435\\u0448\\u043b\\u0438 \\u0432 \\u0440\\u0430\\u0437\\u0434\\u0435\\u043b \\"\\u041f\\u0440\\u043e\\u0433\\u0440\\u0430\\u043c\\u043c\\u0430 \\u043c\\u0435\\u0440\\u043e\\u043f\\u0440\\u0438\\u044f\\u0442\\u0438\\u044f\\""}}'"
2023-07-17 16:48:26,422 - peewee - DEBUG - ('SELECT `t1`.`id`, `t1`.`category_id`, `t1`.`key`, `t1`.`value` FROM `texts` AS `t1` WHERE (`t1`.`key` = %s) LIMIT %s OFFSET %s', ['my_programs', 1, 0])
2023-07-17 16:48:26,461 - peewee - DEBUG - ('SELECT `t1`.`id`, `t1`.`category_id`, `t1`.`key`, `t1`.`value` FROM `texts` AS `t1` WHERE (`t1`.`key` = %s) LIMIT %s OFFSET %s', ['general_programs', 1, 0])
2023-07-17 16:48:26,500 - peewee - DEBUG - ('SELECT `t1`.`id`, `t1`.`category_id`, `t1`.`key`, `t1`.`value` FROM `texts` AS `t1` WHERE (`t1`.`key` = %s) LIMIT %s OFFSET %s', ['menu_info', 1, 0])
2023-07-17 16:48:26,540 - aiogram - DEBUG - Make request: "sendMessage" with data: "{'chat_id': 314952887, 'text': 'Выберите что вас интересует ', 'reply_markup': '{"inline_keyboard": [[{"text": "Моё расписание", "callback_data": "my_programs"}], [{"text": "Общее расписание мероприятия", "callback_data": "general_programs"}]]}'}" and files "None"
2023-07-17 16:48:26,636 - aiogram - DEBUG - Response for sendMessage: [200] "'{"ok":true,"result":{"message_id":2650,"from":{"id":6134560171,"is_bot":true,"first_name":"\\u0410\\u0440\\u0445\\u0438\\u043f\\u0435\\u043b\\u0430\\u0433 2023 | \\u0422\\u0435\\u0441\\u0442\\u043e\\u0432\\u044b\\u0439 \\u0431\\u043e\\u0442","username":"arhpg_bot"},"chat":{"id":314952887,"first_name":"\\u0410\\u0440\\u0442\\u0435\\u043c","username":"artemkovsh","type":"private"},"date":1689601790,"text":"\\u0412\\u044b\\u0431\\u0435\\u0440\\u0438\\u0442\\u0435 \\u0447\\u0442\\u043e \\u0432\\u0430\\u0441 \\u0438\\u043d\\u0442\\u0435\\u0440\\u0435\\u0441\\u0443\\u0435\\u0442","reply_markup":{"inline_keyboard":[[{"text":"\\u041c\\u043e\\u0451 \\u0440\\u0430\\u0441\\u043f\\u0438\\u0441\\u0430\\u043d\\u0438\\u0435","callback_data":"my_programs"}],[{"text":"\\u041e\\u0431\\u0449\\u0435\\u0435 \\u0440\\u0430\\u0441\\u043f\\u0438\\u0441\\u0430\\u043d\\u0438\\u0435 \\u043c\\u0435\\u0440\\u043e\\u043f\\u0440\\u0438\\u044f\\u0442\\u0438\\u044f","callback_data":"general_programs"}]]}}}'"
2023-07-17 16:48:26,675 - aiogram.contrib.middlewares.logging - DEBUG - Unhandled message [ID:2648] in chat [private:314952887]
2023-07-17 16:48:26,675 - aiogram.contrib.middlewares.logging - INFO - Process update [ID:207033436]: [success] (in 2052 ms)
2023-07-17 16:48:27,385 - aiogram - DEBUG - Response for getUpdates: [200] "'{"ok":true,"result":[{"update_id":207033437,\n"callback_query":{"id":"1352712352990169017","from":{"id":314952887,"is_bot":false,"first_name":"\\u0410\\u0440\\u0442\\u0435\\u043c","username":"artemkovsh","language_code":"ru"},"message":{"message_id":2650,"from":{"id":6134560171,"is_bot":true,"first_name":"\\u0410\\u0440\\u0445\\u0438\\u043f\\u0435\\u043b\\u0430\\u0433 2023 | \\u0422\\u0435\\u0441\\u0442\\u043e\\u0432\\u044b\\u0439 \\u0431\\u043e\\u0442","username":"arhpg_bot"},"chat":{"id":314952887,"first_name":"\\u0410\\u0440\\u0442\\u0435\\u043c","username":"artemkovsh","type":"private"},"date":1689601790,"text":"\\u0412\\u044b\\u0431\\u0435\\u0440\\u0438\\u0442\\u0435 \\u0447\\u0442\\u043e \\u0432\\u0430\\u0441 \\u0438\\u043d\\u0442\\u0435\\u0440\\u0435\\u0441\\u0443\\u0435\\u0442","reply_markup":{"inline_keyboard":[[{"text":"\\u041c\\u043e\\u0451 \\u0440\\u0430\\u0441\\u043f\\u0438\\u0441\\u0430\\u043d\\u0438\\u0435","callback_data":"my_programs"}],[{"text":"\\u041e\\u0431\\u0449\\u0435\\u0435 \\u0440\\u0430\\u0441\\u043f\\u0438\\u0441\\u0430\\u043d\\u0438\\u0435 \\u043c\\u0435\\u0440\\u043e\\u043f\\u0440\\u0438\\u044f\\u0442\\u0438\\u044f","callback_data":"general_programs"}]]}},"chat_instance":"-5504128594649030684","data":"my_programs"}}]}'"
2023-07-17 16:48:27,386 - aiogram.dispatcher.dispatcher - DEBUG - Received 1 updates.
2023-07-17 16:48:27,386 - aiogram.contrib.middlewares.logging - DEBUG - Received update [ID:207033437]
2023-07-17 16:48:27,386 - aiogram.contrib.middlewares.logging - INFO - Received callback query [ID:1352712352990169017] from user [ID:314952887] for message [ID:2650] in chat [private:314952887] with data: my_programs originally posted by user [ID:6134560171]
2023-07-17 16:48:27,657 - peewee - DEBUG - ('SELECT `t1`.`id`, `t1`.`arhpg_id`, `t1`.`arhpg_token`, `t1`.`tg_user_id`, `t1`.`firstname`, `t1`.`lastname` FROM `users` AS `t1` WHERE (`t1`.`tg_user_id` = %s) LIMIT %s OFFSET %s', [314952887, 1, 0])
2023-07-17 16:48:27,696 - aiogram - DEBUG - Make request: "getUpdates" with data: "{'offset': 207033438, 'timeout': 20}" and files "None"
2023-07-17 16:48:28,262 - peewee - DEBUG - ('SELECT `t1`.`id`, `t1`.`arhpg_id`, `t1`.`arhpg_token`, `t1`.`tg_user_id`, `t1`.`firstname`, `t1`.`lastname` FROM `users` AS `t1` WHERE (`t1`.`tg_user_id` = %s) LIMIT %s OFFSET %s', [314952887, 1, 0])
2023-07-17 16:48:28,340 - aiogram.contrib.middlewares.logging - INFO - Unhandled callback query [ID:1352712352990169017] from user [ID:314952887] for message [ID:2650] in chat [private:314952887] with data: my_programs originally posted by user [ID:6134560171]
2023-07-17 16:48:28,340 - aiogram.contrib.middlewares.logging - INFO - Process update [ID:207033437]: [success] (in 953 ms)
2023-07-17 16:48:47,748 - aiogram - DEBUG - Response for getUpdates: [200] "'{"ok":true,"result":[]}'"
2023-07-17 16:48:47,857 - aiogram - DEBUG - Make request: "getUpdates" with data: "{'offset': 207033438, 'timeout': 20}" and files "None"
2023-07-17 16:49:07,908 - aiogram - DEBUG - Response for getUpdates: [200] "'{"ok":true,"result":[]}'"
2023-07-17 16:49:08,023 - aiogram - DEBUG - Make request: "getUpdates" with data: "{'offset': 207033438, 'timeout': 20}" and files "None"
2023-07-17 16:49:24,095 - aiogram.dispatcher.dispatcher - INFO - Stop polling...
2023-07-17 16:49:24,095 - aiogram - WARNING - Goodbye!
